<?xml version="1.0" encoding="UTF-8"?>
<testng-results ignored="0" total="1" passed="1" failed="0" skipped="0">
  <reporter-output>
  </reporter-output>
  <suite started-at="2022-11-26T15:27:58 SGT" name="Default suite" finished-at="2022-11-26T15:27:59 SGT" duration-ms="695">
    <groups>
    </groups>
    <test started-at="2022-11-26T15:27:58 SGT" name="Default test" finished-at="2022-11-26T15:27:59 SGT" duration-ms="695">
      <class name="class13.CreateReport">
        <test-method signature="createReport()[pri:0, instance:class13.CreateReport@73e22a3d]" started-at="2022-11-26T15:27:58 SGT" name="createReport" finished-at="2022-11-26T15:27:59 SGT" duration-ms="644" status="PASS">
          <reporter-output>
          </reporter-output>
        </test-method> <!-- createReport -->
      </class> <!-- class13.CreateReport -->
    </test> <!-- Default test -->
  </suite> <!-- Default suite -->
</testng-results>
