<?xml version="1.0" encoding="UTF-8"?>
<testsuite xmlns:xsi="http://www.w3.org/2001/XMLSchema-instance" xsi:noNamespaceSchemaLocation="https://maven.apache.org/surefire/maven-surefire-plugin/xsd/surefire-test-report-3.0.xsd" version="3.0" name="TestSuite" time="0.544" tests="7" errors="0" skipped="0" failures="0">
  <properties>
[...]
</properties>
  <testcase name="logiinApp" classname="day11.MyCRMApp2" time="0.005">
    <system-out><![CDATA[Login Done
]]></system-out>
    <system-err><![CDATA[SLF4J: Failed to load class "org.slf4j.impl.StaticLoggerBinder".
SLF4J: Defaulting to no-operation (NOP) logger implementation
SLF4J: See http://www.slf4j.org/codes.html#StaticLoggerBinder for further details.
]]></system-err>
  </testcase>
  <testcase name="createuser" classname="day11.MyCRMApp2" time="0.001">
    <system-out><![CDATA[User created
]]></system-out>
  </testcase>
  <testcase name="deleteUser" classname="day11.MyCRMApp2" time="0.001">
    <system-out><![CDATA[User deleted
]]></system-out>
  </testcase>
  <testcase name="logOut" classname="day11.MyCRMApp2" time="0.003">
    <system-out><![CDATA[User loggedout from the session
]]></system-out>
  </testcase>
  <testcase name="loginApp" classname="day11.MyCRMApp3" time="0.003">
    <system-out><![CDATA[Login Done
]]></system-out>
  </testcase>
  <testcase name="createUser" classname="day11.MyCRMApp3" time="0.001">
    <system-out><![CDATA[User created
]]></system-out>
  </testcase>
  <testcase name="logOut" classname="day11.MyCRMApp3" time="0.002">
    <system-out><![CDATA[User loggedout from the session
]]></system-out>
  </testcase>
</testsuite>