<?xml version="1.0" encoding="UTF-8"?>
<!-- Generated by org.testng.reporters.JUnitXMLReporter -->
<testsuite ignored="0" hostname="MYLOP6109355" failures="0" tests="7" name="SmokeTestScenario" time="0.09" errors="0" timestamp="2022-11-26T08:27:57 SGT">
  <testcase classname="day11.MyCRMApp2" name="logiinApp" time="0.01"/>
  <testcase classname="day11.MyCRMApp2" name="createuser" time="0.002"/>
  <testcase classname="day11.MyCRMApp2" name="deleteUser" time="0.001"/>
  <testcase classname="day11.MyCRMApp2" name="logOut" time="0.002"/>
  <testcase classname="day11.MyCRMApp3" name="loginApp" time="0.004"/>
  <testcase classname="day11.MyCRMApp3" name="createUser" time="0.001"/>
  <testcase classname="day11.MyCRMApp3" name="logOut" time="0.001"/>
</testsuite> <!-- SmokeTestScenario -->
